This file contains any messages produced by compilers while
running configure, to aid debugging if configure makes a mistake.

It was created by configure, which was
generated by GNU Autoconf 2.65.  Invocation command line was

  $ ./configure 

## --------- ##
## Platform. ##
## --------- ##

hostname = neo
uname -m = i686
uname -r = 2.6.32.38+drm33.16
uname -s = Linux
uname -v = #1 SMP Tue May 31 17:08:33 CEST 2011

/usr/bin/uname -p = unknown
/bin/uname -X     = unknown

/bin/arch              = unknown
/usr/bin/arch -k       = unknown
/usr/convex/getsysinfo = unknown
/usr/bin/hostinfo      = unknown
/bin/machine           = unknown
/usr/bin/oslevel       = unknown
/bin/universe          = unknown

PATH: /usr/realtime/bin
PATH: /usr/local/sbin
PATH: /usr/local/bin
PATH: /usr/sbin
PATH: /usr/bin
PATH: /sbin
PATH: /bin
PATH: /usr/games


## ----------- ##
## Core tests. ##
## ----------- ##

configure:2374: checking whether to enable maintainer-specific portions of Makefiles
configure:2383: result: no
configure:2425: checking build system type
configure:2439: result: i686-pc-linux-gnu
configure:2459: checking host system type
configure:2472: result: i686-pc-linux-gnu
configure:2492: checking target system type
configure:2505: result: i686-pc-linux-gnu
configure:2553: checking for a BSD-compatible install
configure:2621: result: /usr/bin/install -c
configure:2632: checking whether build environment is sane
configure:2682: result: yes
configure:2823: checking for a thread-safe mkdir -p
configure:2862: result: /bin/mkdir -p
configure:2875: checking for gawk
configure:2891: found /usr/bin/gawk
configure:2902: result: gawk
configure:2913: checking whether make sets $(MAKE)
configure:2935: result: yes
configure:3059: checking for style of include used by make
configure:3087: result: GNU
configure:3157: checking for gcc
configure:3173: found /usr/bin/gcc
configure:3184: result: gcc
configure:3413: checking for C compiler version
configure:3422: gcc --version >&5
gcc (Ubuntu 4.4.3-4ubuntu5) 4.4.3
Copyright (C) 2009 Free Software Foundation, Inc.
This is free software; see the source for copying conditions.  There is NO
warranty; not even for MERCHANTABILITY or FITNESS FOR A PARTICULAR PURPOSE.

configure:3433: $? = 0
configure:3422: gcc -v >&5
Using built-in specs.
Target: i486-linux-gnu
Configured with: ../src/configure -v --with-pkgversion='Ubuntu 4.4.3-4ubuntu5' --with-bugurl=file:///usr/share/doc/gcc-4.4/README.Bugs --enable-languages=c,c++,fortran,objc,obj-c++ --prefix=/usr --enable-shared --enable-multiarch --enable-linker-build-id --with-system-zlib --libexecdir=/usr/lib --without-included-gettext --enable-threads=posix --with-gxx-include-dir=/usr/include/c++/4.4 --program-suffix=-4.4 --enable-nls --enable-clocale=gnu --enable-libstdcxx-debug --enable-plugin --enable-objc-gc --enable-targets=all --disable-werror --with-arch-32=i486 --with-tune=generic --enable-checking=release --build=i486-linux-gnu --host=i486-linux-gnu --target=i486-linux-gnu
Thread model: posix
gcc version 4.4.3 (Ubuntu 4.4.3-4ubuntu5) 
configure:3433: $? = 0
configure:3422: gcc -V >&5
gcc: '-V' option must have argument
configure:3433: $? = 1
configure:3422: gcc -qversion >&5
gcc: unrecognized option '-qversion'
gcc: no input files
configure:3433: $? = 1
configure:3453: checking whether the C compiler works
configure:3475: gcc    conftest.c  >&5
configure:3479: $? = 0
configure:3528: result: yes
configure:3531: checking for C compiler default output file name
configure:3533: result: a.out
configure:3539: checking for suffix of executables
configure:3546: gcc -o conftest    conftest.c  >&5
configure:3550: $? = 0
configure:3572: result: 
configure:3594: checking whether we are cross compiling
configure:3602: gcc -o conftest    conftest.c  >&5
configure:3606: $? = 0
configure:3613: ./conftest
configure:3617: $? = 0
configure:3632: result: no
configure:3637: checking for suffix of object files
configure:3659: gcc -c   conftest.c >&5
configure:3663: $? = 0
configure:3684: result: o
configure:3688: checking whether we are using the GNU C compiler
configure:3707: gcc -c   conftest.c >&5
configure:3707: $? = 0
configure:3716: result: yes
configure:3725: checking whether gcc accepts -g
configure:3745: gcc -c -g  conftest.c >&5
configure:3745: $? = 0
configure:3786: result: yes
configure:3803: checking for gcc option to accept ISO C89
configure:3867: gcc  -c -g -O2  conftest.c >&5
configure:3867: $? = 0
configure:3880: result: none needed
configure:3902: checking dependency style of gcc
configure:4012: result: gcc3
configure:4027: checking for a sed that does not truncate output
configure:4091: result: /bin/sed
configure:4109: checking for grep that handles long lines and -e
configure:4167: result: /bin/grep
configure:4172: checking for egrep
configure:4234: result: /bin/grep -E
configure:4239: checking for fgrep
configure:4301: result: /bin/grep -F
configure:4336: checking for ld used by gcc
configure:4403: result: /usr/bin/ld
configure:4410: checking if the linker (/usr/bin/ld) is GNU ld
configure:4425: result: yes
configure:4437: checking for BSD- or MS-compatible name lister (nm)
configure:4486: result: /usr/bin/nm -B
configure:4604: checking the name lister (/usr/bin/nm -B) interface
configure:4611: gcc -c -g -O2  conftest.c >&5
configure:4614: /usr/bin/nm -B "conftest.o"
configure:4617: output
00000000 B some_variable
configure:4624: result: BSD nm
configure:4627: checking whether ln -s works
configure:4631: result: yes
configure:4639: checking the maximum length of command line arguments
configure:4759: result: 1572864
configure:4776: checking whether the shell understands some XSI constructs
configure:4786: result: yes
configure:4790: checking whether the shell understands "+="
configure:4796: result: yes
configure:4831: checking for /usr/bin/ld option to reload object files
configure:4838: result: -r
configure:4907: checking for objdump
configure:4923: found /usr/bin/objdump
configure:4934: result: objdump
configure:4966: checking how to recognize dependent libraries
configure:5162: result: pass_all
configure:5222: checking for ar
configure:5238: found /usr/bin/ar
configure:5249: result: ar
configure:5327: checking for strip
configure:5343: found /usr/bin/strip
configure:5354: result: strip
configure:5426: checking for ranlib
configure:5442: found /usr/bin/ranlib
configure:5453: result: ranlib
configure:5543: checking command to parse /usr/bin/nm -B output from gcc object
configure:5661: gcc -c -g -O2  conftest.c >&5
configure:5664: $? = 0
configure:5668: /usr/bin/nm -B conftest.o \| sed -n -e 's/^.*[	 ]\([ABCDGIRSTW][ABCDGIRSTW]*\)[	 ][	 ]*\([_A-Za-z][_A-Za-z0-9]*\)$/\1 \2 \2/p' \> conftest.nm
configure:5671: $? = 0
configure:5725: gcc -o conftest -g -O2   conftest.c conftstm.o >&5
configure:5728: $? = 0
configure:5766: result: ok
configure:6575: checking how to run the C preprocessor
configure:6606: gcc -E  conftest.c
configure:6606: $? = 0
configure:6620: gcc -E  conftest.c
conftest.c:11:28: error: ac_nonexistent.h: No such file or directory
configure:6620: $? = 1
configure: failed program was:
| /* confdefs.h */
| #define PACKAGE_NAME ""
| #define PACKAGE_TARNAME ""
| #define PACKAGE_VERSION ""
| #define PACKAGE_STRING ""
| #define PACKAGE_BUGREPORT ""
| #define PACKAGE_URL ""
| #define PACKAGE "radiusclient"
| #define VERSION "1.1.6"
| /* end confdefs.h.  */
| #include <ac_nonexistent.h>
configure:6645: result: gcc -E
configure:6665: gcc -E  conftest.c
configure:6665: $? = 0
configure:6679: gcc -E  conftest.c
conftest.c:11:28: error: ac_nonexistent.h: No such file or directory
configure:6679: $? = 1
configure: failed program was:
| /* confdefs.h */
| #define PACKAGE_NAME ""
| #define PACKAGE_TARNAME ""
| #define PACKAGE_VERSION ""
| #define PACKAGE_STRING ""
| #define PACKAGE_BUGREPORT ""
| #define PACKAGE_URL ""
| #define PACKAGE "radiusclient"
| #define VERSION "1.1.6"
| /* end confdefs.h.  */
| #include <ac_nonexistent.h>
configure:6708: checking for ANSI C header files
configure:6728: gcc -c -g -O2  conftest.c >&5
configure:6728: $? = 0
configure:6801: gcc -o conftest -g -O2   conftest.c  >&5
configure:6801: $? = 0
configure:6801: ./conftest
configure:6801: $? = 0
configure:6812: result: yes
configure:6825: checking for sys/types.h
configure:6825: gcc -c -g -O2  conftest.c >&5
configure:6825: $? = 0
configure:6825: result: yes
configure:6825: checking for sys/stat.h
configure:6825: gcc -c -g -O2  conftest.c >&5
configure:6825: $? = 0
configure:6825: result: yes
configure:6825: checking for stdlib.h
configure:6825: gcc -c -g -O2  conftest.c >&5
configure:6825: $? = 0
configure:6825: result: yes
configure:6825: checking for string.h
configure:6825: gcc -c -g -O2  conftest.c >&5
configure:6825: $? = 0
configure:6825: result: yes
configure:6825: checking for memory.h
configure:6825: gcc -c -g -O2  conftest.c >&5
configure:6825: $? = 0
configure:6825: result: yes
configure:6825: checking for strings.h
configure:6825: gcc -c -g -O2  conftest.c >&5
configure:6825: $? = 0
configure:6825: result: yes
configure:6825: checking for inttypes.h
configure:6825: gcc -c -g -O2  conftest.c >&5
configure:6825: $? = 0
configure:6825: result: yes
configure:6825: checking for stdint.h
configure:6825: gcc -c -g -O2  conftest.c >&5
configure:6825: $? = 0
configure:6825: result: yes
configure:6825: checking for unistd.h
configure:6825: gcc -c -g -O2  conftest.c >&5
configure:6825: $? = 0
configure:6825: result: yes
configure:6840: checking for dlfcn.h
configure:6840: gcc -c -g -O2  conftest.c >&5
configure:6840: $? = 0
configure:6840: result: yes
configure:7024: checking for objdir
configure:7039: result: .libs
configure:7331: checking if gcc supports -fno-rtti -fno-exceptions
configure:7349: gcc -c -g -O2  -fno-rtti -fno-exceptions conftest.c >&5
cc1: warning: command line option "-fno-rtti" is valid for C++/ObjC++ but not for C
configure:7353: $? = 0
configure:7366: result: no
configure:7386: checking for gcc option to produce PIC
configure:7658: result: -fPIC -DPIC
configure:7670: checking if gcc PIC flag -fPIC -DPIC works
configure:7688: gcc -c -g -O2  -fPIC -DPIC -DPIC conftest.c >&5
configure:7692: $? = 0
configure:7705: result: yes
configure:7729: checking if gcc static flag -static works
configure:7757: result: yes
configure:7772: checking if gcc supports -c -o file.o
configure:7793: gcc -c -g -O2  -o out/conftest2.o conftest.c >&5
configure:7797: $? = 0
configure:7819: result: yes
configure:7827: checking if gcc supports -c -o file.o
configure:7874: result: yes
configure:7907: checking whether the gcc linker (/usr/bin/ld) supports shared libraries
configure:8898: result: yes
configure:8935: checking whether -lc should be explicitly linked in
configure:8940: gcc -c -g -O2  conftest.c >&5
configure:8943: $? = 0
configure:8958: gcc -shared conftest.o  -v -Wl,-soname -Wl,conftest -o conftest 2\>\&1 \| /bin/grep  -lc  \>/dev/null 2\>\&1
configure:8961: $? = 0
configure:8973: result: no
configure:9137: checking dynamic linker characteristics
configure:9570: gcc -o conftest -g -O2   -Wl,-rpath -Wl,/foo conftest.c  >&5
configure:9570: $? = 0
configure:9800: result: GNU/Linux ld.so
configure:9902: checking how to hardcode library paths into programs
configure:9927: result: immediate
configure:10447: checking whether stripping libraries is possible
configure:10452: result: yes
configure:10487: checking if libtool supports shared libraries
configure:10489: result: yes
configure:10492: checking whether to build shared libraries
configure:10513: result: yes
configure:10516: checking whether to build static libraries
configure:10520: result: yes
configure:10604: checking for gcc
configure:10631: result: gcc
configure:10860: checking for C compiler version
configure:10869: gcc --version >&5
gcc (Ubuntu 4.4.3-4ubuntu5) 4.4.3
Copyright (C) 2009 Free Software Foundation, Inc.
This is free software; see the source for copying conditions.  There is NO
warranty; not even for MERCHANTABILITY or FITNESS FOR A PARTICULAR PURPOSE.

configure:10880: $? = 0
configure:10869: gcc -v >&5
Using built-in specs.
Target: i486-linux-gnu
Configured with: ../src/configure -v --with-pkgversion='Ubuntu 4.4.3-4ubuntu5' --with-bugurl=file:///usr/share/doc/gcc-4.4/README.Bugs --enable-languages=c,c++,fortran,objc,obj-c++ --prefix=/usr --enable-shared --enable-multiarch --enable-linker-build-id --with-system-zlib --libexecdir=/usr/lib --without-included-gettext --enable-threads=posix --with-gxx-include-dir=/usr/include/c++/4.4 --program-suffix=-4.4 --enable-nls --enable-clocale=gnu --enable-libstdcxx-debug --enable-plugin --enable-objc-gc --enable-targets=all --disable-werror --with-arch-32=i486 --with-tune=generic --enable-checking=release --build=i486-linux-gnu --host=i486-linux-gnu --target=i486-linux-gnu
Thread model: posix
gcc version 4.4.3 (Ubuntu 4.4.3-4ubuntu5) 
configure:10880: $? = 0
configure:10869: gcc -V >&5
gcc: '-V' option must have argument
configure:10880: $? = 1
configure:10869: gcc -qversion >&5
gcc: unrecognized option '-qversion'
gcc: no input files
configure:10880: $? = 1
configure:10884: checking whether we are using the GNU C compiler
configure:10912: result: yes
configure:10921: checking whether gcc accepts -g
configure:10982: result: yes
configure:10999: checking for gcc option to accept ISO C89
configure:11076: result: none needed
configure:11098: checking dependency style of gcc
configure:11208: result: gcc3
configure:11226: checking for ar
configure:11244: found /usr/bin/ar
configure:11256: result: /usr/bin/ar
configure:11266: checking whether to include shadow password support
configure:11279: result: no
configure:11287: checking for socket in -lsocket
configure:11312: gcc -o conftest -g -O2   conftest.c -lsocket   >&5
/usr/bin/ld: cannot find -lsocket
collect2: ld returned 1 exit status
configure:11312: $? = 1
configure: failed program was:
| /* confdefs.h */
| #define PACKAGE_NAME ""
| #define PACKAGE_TARNAME ""
| #define PACKAGE_VERSION ""
| #define PACKAGE_STRING ""
| #define PACKAGE_BUGREPORT ""
| #define PACKAGE_URL ""
| #define PACKAGE "radiusclient"
| #define VERSION "1.1.6"
| #define STDC_HEADERS 1
| #define HAVE_SYS_TYPES_H 1
| #define HAVE_SYS_STAT_H 1
| #define HAVE_STDLIB_H 1
| #define HAVE_STRING_H 1
| #define HAVE_MEMORY_H 1
| #define HAVE_STRINGS_H 1
| #define HAVE_INTTYPES_H 1
| #define HAVE_STDINT_H 1
| #define HAVE_UNISTD_H 1
| #define HAVE_DLFCN_H 1
| #define LT_OBJDIR ".libs/"
| /* end confdefs.h.  */
| 
| /* Override any GCC internal prototype to avoid an error.
|    Use char because int might match the return type of a GCC
|    builtin and then its argument prototype would still apply.  */
| #ifdef __cplusplus
| extern "C"
| #endif
| char socket ();
| int
| main ()
| {
| return socket ();
|   ;
|   return 0;
| }
configure:11321: result: no
configure:11333: checking for gethostbyaddr in -lnsl
configure:11358: gcc -o conftest -g -O2   conftest.c -lnsl   >&5
configure:11358: $? = 0
configure:11367: result: yes
configure:11380: checking gethostbyaddr_r() syntax
configure:11410: gcc -o conftest -g -O2   conftest.c -lnsl  >&5
configure:11410: $? = 0
configure:11483: result: GNU-style
configure:11493: checking gethostbyname_r() syntax
configure:11509: gcc -o conftest -g -O2   conftest.c -lnsl  >&5
configure:11509: $? = 0
configure:11583: result: GNU-style
configure:11592: checking for crypt in -lcrypt
configure:11617: gcc -o conftest -g -O2   conftest.c -lcrypt  -lnsl  >&5
configure:11617: $? = 0
configure:11626: result: yes
configure:11638: checking whether byte ordering is bigendian
configure:11653: gcc -c -g -O2  conftest.c >&5
conftest.c:30: error: expected '=', ',', ';', 'asm' or '__attribute__' before 'a'
configure:11653: $? = 1
configure: failed program was:
| /* confdefs.h */
| #define PACKAGE_NAME ""
| #define PACKAGE_TARNAME ""
| #define PACKAGE_VERSION ""
| #define PACKAGE_STRING ""
| #define PACKAGE_BUGREPORT ""
| #define PACKAGE_URL ""
| #define PACKAGE "radiusclient"
| #define VERSION "1.1.6"
| #define STDC_HEADERS 1
| #define HAVE_SYS_TYPES_H 1
| #define HAVE_SYS_STAT_H 1
| #define HAVE_STDLIB_H 1
| #define HAVE_STRING_H 1
| #define HAVE_MEMORY_H 1
| #define HAVE_STRINGS_H 1
| #define HAVE_INTTYPES_H 1
| #define HAVE_STDINT_H 1
| #define HAVE_UNISTD_H 1
| #define HAVE_DLFCN_H 1
| #define LT_OBJDIR ".libs/"
| #define HAVE_LIBNSL 1
| #define GETHOSTBYADDR_R 1
| #define GETHOSTBYADDRRSTYLE_GNU /**/
| #define GETHOSTBYNAME_R /**/
| #define GETHOSTBYNAMERSTYLE_GNU /**/
| #define HAVE_LIBCRYPT 1
| /* end confdefs.h.  */
| #ifndef __APPLE_CC__
| 	       not a universal capable compiler
| 	     #endif
| 	     typedef int dummy;
| 
configure:11698: gcc -c -g -O2  conftest.c >&5
configure:11698: $? = 0
configure:11716: gcc -c -g -O2  conftest.c >&5
conftest.c: In function 'main':
conftest.c:36: error: 'not' undeclared (first use in this function)
conftest.c:36: error: (Each undeclared identifier is reported only once
conftest.c:36: error: for each function it appears in.)
conftest.c:36: error: expected ';' before 'big'
configure:11716: $? = 1
configure: failed program was:
| /* confdefs.h */
| #define PACKAGE_NAME ""
| #define PACKAGE_TARNAME ""
| #define PACKAGE_VERSION ""
| #define PACKAGE_STRING ""
| #define PACKAGE_BUGREPORT ""
| #define PACKAGE_URL ""
| #define PACKAGE "radiusclient"
| #define VERSION "1.1.6"
| #define STDC_HEADERS 1
| #define HAVE_SYS_TYPES_H 1
| #define HAVE_SYS_STAT_H 1
| #define HAVE_STDLIB_H 1
| #define HAVE_STRING_H 1
| #define HAVE_MEMORY_H 1
| #define HAVE_STRINGS_H 1
| #define HAVE_INTTYPES_H 1
| #define HAVE_STDINT_H 1
| #define HAVE_UNISTD_H 1
| #define HAVE_DLFCN_H 1
| #define LT_OBJDIR ".libs/"
| #define HAVE_LIBNSL 1
| #define GETHOSTBYADDR_R 1
| #define GETHOSTBYADDRRSTYLE_GNU /**/
| #define GETHOSTBYNAME_R /**/
| #define GETHOSTBYNAMERSTYLE_GNU /**/
| #define HAVE_LIBCRYPT 1
| /* end confdefs.h.  */
| #include <sys/types.h>
| 		#include <sys/param.h>
| 
| int
| main ()
| {
| #if BYTE_ORDER != BIG_ENDIAN
| 		 not big endian
| 		#endif
| 
|   ;
|   return 0;
| }
configure:11844: result: no
configure:11873: checking for dirent.h that defines DIR
configure:11892: gcc -c -g -O2  conftest.c >&5
configure:11892: $? = 0
configure:11900: result: yes
configure:11914: checking for library containing opendir
configure:11945: gcc -o conftest -g -O2   conftest.c -lcrypt -lnsl  >&5
configure:11945: $? = 0
configure:11962: result: none required
configure:12029: checking for ANSI C header files
configure:12133: result: yes
configure:12144: checking crypt.h usability
configure:12144: gcc -c -g -O2  conftest.c >&5
configure:12144: $? = 0
configure:12144: result: yes
configure:12144: checking crypt.h presence
configure:12144: gcc -E  conftest.c
configure:12144: $? = 0
configure:12144: result: yes
configure:12144: checking for crypt.h
configure:12144: result: yes
configure:12144: checking signal.h usability
configure:12144: gcc -c -g -O2  conftest.c >&5
configure:12144: $? = 0
configure:12144: result: yes
configure:12144: checking signal.h presence
configure:12144: gcc -E  conftest.c
configure:12144: $? = 0
configure:12144: result: yes
configure:12144: checking for signal.h
configure:12144: result: yes
configure:12144: checking sys/signal.h usability
configure:12144: gcc -c -g -O2  conftest.c >&5
configure:12144: $? = 0
configure:12144: result: yes
configure:12144: checking sys/signal.h presence
configure:12144: gcc -E  conftest.c
configure:12144: $? = 0
configure:12144: result: yes
configure:12144: checking for sys/signal.h
configure:12144: result: yes
configure:12144: checking for sys/stat.h
configure:12144: result: yes
configure:12158: checking fcntl.h usability
configure:12158: gcc -c -g -O2  conftest.c >&5
configure:12158: $? = 0
configure:12158: result: yes
configure:12158: checking fcntl.h presence
configure:12158: gcc -E  conftest.c
configure:12158: $? = 0
configure:12158: result: yes
configure:12158: checking for fcntl.h
configure:12158: result: yes
configure:12158: checking sys/fcntl.h usability
configure:12158: gcc -c -g -O2  conftest.c >&5
configure:12158: $? = 0
configure:12158: result: yes
configure:12158: checking sys/fcntl.h presence
configure:12158: gcc -E  conftest.c
configure:12158: $? = 0
configure:12158: result: yes
configure:12158: checking for sys/fcntl.h
configure:12158: result: yes
configure:12172: checking sys/utsname.h usability
configure:12172: gcc -c -g -O2  conftest.c >&5
configure:12172: $? = 0
configure:12172: result: yes
configure:12172: checking sys/utsname.h presence
configure:12172: gcc -E  conftest.c
configure:12172: $? = 0
configure:12172: result: yes
configure:12172: checking for sys/utsname.h
configure:12172: result: yes
configure:12172: checking getopt.h usability
configure:12172: gcc -c -g -O2  conftest.c >&5
configure:12172: $? = 0
configure:12172: result: yes
configure:12172: checking getopt.h presence
configure:12172: gcc -E  conftest.c
configure:12172: $? = 0
configure:12172: result: yes
configure:12172: checking for getopt.h
configure:12172: result: yes
configure:12172: checking for unistd.h
configure:12172: result: yes
configure:12186: checking sys/file.h usability
configure:12186: gcc -c -g -O2  conftest.c >&5
configure:12186: $? = 0
configure:12186: result: yes
configure:12186: checking sys/file.h presence
configure:12186: gcc -E  conftest.c
configure:12186: $? = 0
configure:12186: result: yes
configure:12186: checking for sys/file.h
configure:12186: result: yes
configure:12186: checking termios.h usability
configure:12186: gcc -c -g -O2  conftest.c >&5
configure:12186: $? = 0
configure:12186: result: yes
configure:12186: checking termios.h presence
configure:12186: gcc -E  conftest.c
configure:12186: $? = 0
configure:12186: result: yes
configure:12186: checking for termios.h
configure:12186: result: yes
configure:12186: checking sys/ioctl.h usability
configure:12186: gcc -c -g -O2  conftest.c >&5
configure:12186: $? = 0
configure:12186: result: yes
configure:12186: checking sys/ioctl.h presence
configure:12186: gcc -E  conftest.c
configure:12186: $? = 0
configure:12186: result: yes
configure:12186: checking for sys/ioctl.h
configure:12186: result: yes
configure:12200: checking netdb.h usability
configure:12200: gcc -c -g -O2  conftest.c >&5
configure:12200: $? = 0
configure:12200: result: yes
configure:12200: checking netdb.h presence
configure:12200: gcc -E  conftest.c
configure:12200: $? = 0
configure:12200: result: yes
configure:12200: checking for netdb.h
configure:12200: result: yes
configure:12200: checking syslog.h usability
configure:12200: gcc -c -g -O2  conftest.c >&5
configure:12200: $? = 0
configure:12200: result: yes
configure:12200: checking syslog.h presence
configure:12200: gcc -E  conftest.c
configure:12200: $? = 0
configure:12200: result: yes
configure:12200: checking for syslog.h
configure:12200: result: yes
configure:12200: checking pwd.h usability
configure:12200: gcc -c -g -O2  conftest.c >&5
configure:12200: $? = 0
configure:12200: result: yes
configure:12200: checking pwd.h presence
configure:12200: gcc -E  conftest.c
configure:12200: $? = 0
configure:12200: result: yes
configure:12200: checking for pwd.h
configure:12200: result: yes
configure:12214: checking sys/socket.h usability
configure:12214: gcc -c -g -O2  conftest.c >&5
configure:12214: $? = 0
configure:12214: result: yes
configure:12214: checking sys/socket.h presence
configure:12214: gcc -E  conftest.c
configure:12214: $? = 0
configure:12214: result: yes
configure:12214: checking for sys/socket.h
configure:12214: result: yes
configure:12214: checking netinet/in.h usability
configure:12214: gcc -c -g -O2  conftest.c >&5
configure:12214: $? = 0
configure:12214: result: yes
configure:12214: checking netinet/in.h presence
configure:12214: gcc -E  conftest.c
configure:12214: $? = 0
configure:12214: result: yes
configure:12214: checking for netinet/in.h
configure:12214: result: yes
configure:12214: checking arpa/inet.h usability
configure:12214: gcc -c -g -O2  conftest.c >&5
configure:12214: $? = 0
configure:12214: result: yes
configure:12214: checking arpa/inet.h presence
configure:12214: gcc -E  conftest.c
configure:12214: $? = 0
configure:12214: result: yes
configure:12214: checking for arpa/inet.h
configure:12214: result: yes
configure:12236: checking for an ANSI C-conforming const
configure:12301: gcc -c -g -O2  conftest.c >&5
configure:12301: $? = 0
configure:12308: result: yes
configure:12316: checking for off_t
configure:12316: gcc -c -g -O2  conftest.c >&5
configure:12316: $? = 0
configure:12316: gcc -c -g -O2  conftest.c >&5
conftest.c: In function 'main':
conftest.c:86: error: expected expression before ')' token
configure:12316: $? = 1
configure: failed program was:
| /* confdefs.h */
| #define PACKAGE_NAME ""
| #define PACKAGE_TARNAME ""
| #define PACKAGE_VERSION ""
| #define PACKAGE_STRING ""
| #define PACKAGE_BUGREPORT ""
| #define PACKAGE_URL ""
| #define PACKAGE "radiusclient"
| #define VERSION "1.1.6"
| #define STDC_HEADERS 1
| #define HAVE_SYS_TYPES_H 1
| #define HAVE_SYS_STAT_H 1
| #define HAVE_STDLIB_H 1
| #define HAVE_STRING_H 1
| #define HAVE_MEMORY_H 1
| #define HAVE_STRINGS_H 1
| #define HAVE_INTTYPES_H 1
| #define HAVE_STDINT_H 1
| #define HAVE_UNISTD_H 1
| #define HAVE_DLFCN_H 1
| #define LT_OBJDIR ".libs/"
| #define HAVE_LIBNSL 1
| #define GETHOSTBYADDR_R 1
| #define GETHOSTBYADDRRSTYLE_GNU /**/
| #define GETHOSTBYNAME_R /**/
| #define GETHOSTBYNAMERSTYLE_GNU /**/
| #define HAVE_LIBCRYPT 1
| #define LITTLE_ENDIAN 1
| #define HAVE_DIRENT_H 1
| #define STDC_HEADERS 1
| #define HAVE_CRYPT_H 1
| #define HAVE_SIGNAL_H 1
| #define HAVE_SYS_SIGNAL_H 1
| #define HAVE_SYS_STAT_H 1
| #define HAVE_FCNTL_H 1
| #define HAVE_SYS_FCNTL_H 1
| #define HAVE_SYS_UTSNAME_H 1
| #define HAVE_GETOPT_H 1
| #define HAVE_UNISTD_H 1
| #define HAVE_SYS_FILE_H 1
| #define HAVE_TERMIOS_H 1
| #define HAVE_SYS_IOCTL_H 1
| #define HAVE_NETDB_H 1
| #define HAVE_SYSLOG_H 1
| #define HAVE_PWD_H 1
| #define HAVE_SYS_SOCKET_H 1
| #define HAVE_NETINET_IN_H 1
| #define HAVE_ARPA_INET_H 1
| /* end confdefs.h.  */
| #include <stdio.h>
| #ifdef HAVE_SYS_TYPES_H
| # include <sys/types.h>
| #endif
| #ifdef HAVE_SYS_STAT_H
| # include <sys/stat.h>
| #endif
| #ifdef STDC_HEADERS
| # include <stdlib.h>
| # include <stddef.h>
| #else
| # ifdef HAVE_STDLIB_H
| #  include <stdlib.h>
| # endif
| #endif
| #ifdef HAVE_STRING_H
| # if !defined STDC_HEADERS && defined HAVE_MEMORY_H
| #  include <memory.h>
| # endif
| # include <string.h>
| #endif
| #ifdef HAVE_STRINGS_H
| # include <strings.h>
| #endif
| #ifdef HAVE_INTTYPES_H
| # include <inttypes.h>
| #endif
| #ifdef HAVE_STDINT_H
| # include <stdint.h>
| #endif
| #ifdef HAVE_UNISTD_H
| # include <unistd.h>
| #endif
| int
| main ()
| {
| if (sizeof ((off_t)))
| 	    return 0;
|   ;
|   return 0;
| }
configure:12316: result: yes
configure:12327: checking for size_t
configure:12327: gcc -c -g -O2  conftest.c >&5
configure:12327: $? = 0
configure:12327: gcc -c -g -O2  conftest.c >&5
conftest.c: In function 'main':
conftest.c:86: error: expected expression before ')' token
configure:12327: $? = 1
configure: failed program was:
| /* confdefs.h */
| #define PACKAGE_NAME ""
| #define PACKAGE_TARNAME ""
| #define PACKAGE_VERSION ""
| #define PACKAGE_STRING ""
| #define PACKAGE_BUGREPORT ""
| #define PACKAGE_URL ""
| #define PACKAGE "radiusclient"
| #define VERSION "1.1.6"
| #define STDC_HEADERS 1
| #define HAVE_SYS_TYPES_H 1
| #define HAVE_SYS_STAT_H 1
| #define HAVE_STDLIB_H 1
| #define HAVE_STRING_H 1
| #define HAVE_MEMORY_H 1
| #define HAVE_STRINGS_H 1
| #define HAVE_INTTYPES_H 1
| #define HAVE_STDINT_H 1
| #define HAVE_UNISTD_H 1
| #define HAVE_DLFCN_H 1
| #define LT_OBJDIR ".libs/"
| #define HAVE_LIBNSL 1
| #define GETHOSTBYADDR_R 1
| #define GETHOSTBYADDRRSTYLE_GNU /**/
| #define GETHOSTBYNAME_R /**/
| #define GETHOSTBYNAMERSTYLE_GNU /**/
| #define HAVE_LIBCRYPT 1
| #define LITTLE_ENDIAN 1
| #define HAVE_DIRENT_H 1
| #define STDC_HEADERS 1
| #define HAVE_CRYPT_H 1
| #define HAVE_SIGNAL_H 1
| #define HAVE_SYS_SIGNAL_H 1
| #define HAVE_SYS_STAT_H 1
| #define HAVE_FCNTL_H 1
| #define HAVE_SYS_FCNTL_H 1
| #define HAVE_SYS_UTSNAME_H 1
| #define HAVE_GETOPT_H 1
| #define HAVE_UNISTD_H 1
| #define HAVE_SYS_FILE_H 1
| #define HAVE_TERMIOS_H 1
| #define HAVE_SYS_IOCTL_H 1
| #define HAVE_NETDB_H 1
| #define HAVE_SYSLOG_H 1
| #define HAVE_PWD_H 1
| #define HAVE_SYS_SOCKET_H 1
| #define HAVE_NETINET_IN_H 1
| #define HAVE_ARPA_INET_H 1
| /* end confdefs.h.  */
| #include <stdio.h>
| #ifdef HAVE_SYS_TYPES_H
| # include <sys/types.h>
| #endif
| #ifdef HAVE_SYS_STAT_H
| # include <sys/stat.h>
| #endif
| #ifdef STDC_HEADERS
| # include <stdlib.h>
| # include <stddef.h>
| #else
| # ifdef HAVE_STDLIB_H
| #  include <stdlib.h>
| # endif
| #endif
| #ifdef HAVE_STRING_H
| # if !defined STDC_HEADERS && defined HAVE_MEMORY_H
| #  include <memory.h>
| # endif
| # include <string.h>
| #endif
| #ifdef HAVE_STRINGS_H
| # include <strings.h>
| #endif
| #ifdef HAVE_INTTYPES_H
| # include <inttypes.h>
| #endif
| #ifdef HAVE_STDINT_H
| # include <stdint.h>
| #endif
| #ifdef HAVE_UNISTD_H
| # include <unistd.h>
| #endif
| int
| main ()
| {
| if (sizeof ((size_t)))
| 	    return 0;
|   ;
|   return 0;
| }
configure:12327: result: yes
configure:12338: checking whether time.h and sys/time.h may both be included
configure:12358: gcc -c -g -O2  conftest.c >&5
configure:12358: $? = 0
configure:12365: result: yes
configure:12373: checking whether struct tm is in sys/time.h or time.h
configure:12393: gcc -c -g -O2  conftest.c >&5
configure:12393: $? = 0
configure:12400: result: time.h
configure:12410: checking whether gcc needs -traditional
configure:12444: result: no
configure:12451: checking for working memcmp
configure:12494: gcc -o conftest -g -O2   conftest.c -lcrypt -lnsl  >&5
configure:12494: $? = 0
configure:12494: ./conftest
configure:12494: $? = 0
configure:12504: result: yes
configure:12520: checking return type of signal handlers
configure:12538: gcc -c -g -O2  conftest.c >&5
conftest.c: In function 'main':
conftest.c:57: error: void value not ignored as it ought to be
configure:12538: $? = 1
configure: failed program was:
| /* confdefs.h */
| #define PACKAGE_NAME ""
| #define PACKAGE_TARNAME ""
| #define PACKAGE_VERSION ""
| #define PACKAGE_STRING ""
| #define PACKAGE_BUGREPORT ""
| #define PACKAGE_URL ""
| #define PACKAGE "radiusclient"
| #define VERSION "1.1.6"
| #define STDC_HEADERS 1
| #define HAVE_SYS_TYPES_H 1
| #define HAVE_SYS_STAT_H 1
| #define HAVE_STDLIB_H 1
| #define HAVE_STRING_H 1
| #define HAVE_MEMORY_H 1
| #define HAVE_STRINGS_H 1
| #define HAVE_INTTYPES_H 1
| #define HAVE_STDINT_H 1
| #define HAVE_UNISTD_H 1
| #define HAVE_DLFCN_H 1
| #define LT_OBJDIR ".libs/"
| #define HAVE_LIBNSL 1
| #define GETHOSTBYADDR_R 1
| #define GETHOSTBYADDRRSTYLE_GNU /**/
| #define GETHOSTBYNAME_R /**/
| #define GETHOSTBYNAMERSTYLE_GNU /**/
| #define HAVE_LIBCRYPT 1
| #define LITTLE_ENDIAN 1
| #define HAVE_DIRENT_H 1
| #define STDC_HEADERS 1
| #define HAVE_CRYPT_H 1
| #define HAVE_SIGNAL_H 1
| #define HAVE_SYS_SIGNAL_H 1
| #define HAVE_SYS_STAT_H 1
| #define HAVE_FCNTL_H 1
| #define HAVE_SYS_FCNTL_H 1
| #define HAVE_SYS_UTSNAME_H 1
| #define HAVE_GETOPT_H 1
| #define HAVE_UNISTD_H 1
| #define HAVE_SYS_FILE_H 1
| #define HAVE_TERMIOS_H 1
| #define HAVE_SYS_IOCTL_H 1
| #define HAVE_NETDB_H 1
| #define HAVE_SYSLOG_H 1
| #define HAVE_PWD_H 1
| #define HAVE_SYS_SOCKET_H 1
| #define HAVE_NETINET_IN_H 1
| #define HAVE_ARPA_INET_H 1
| #define TIME_WITH_SYS_TIME 1
| /* end confdefs.h.  */
| #include <sys/types.h>
| #include <signal.h>
| 
| int
| main ()
| {
| return *(signal (0, 0)) (0) == 1;
|   ;
|   return 0;
| }
configure:12545: result: void
configure:12555: checking for strftime
configure:12555: gcc -o conftest -g -O2   conftest.c -lcrypt -lnsl  >&5
conftest.c:75: warning: conflicting types for built-in function 'strftime'
configure:12555: $? = 0
configure:12555: result: yes
configure:12610: checking for working alloca.h
configure:12627: gcc -o conftest -g -O2   conftest.c -lcrypt -lnsl  >&5
configure:12627: $? = 0
configure:12635: result: yes
configure:12643: checking for alloca
configure:12680: gcc -o conftest -g -O2   conftest.c -lcrypt -lnsl  >&5
configure:12680: $? = 0
configure:12688: result: yes
configure:12801: checking for strdup
configure:12801: gcc -o conftest -g -O2   conftest.c -lcrypt -lnsl  >&5
conftest.c:78: warning: conflicting types for built-in function 'strdup'
configure:12801: $? = 0
configure:12801: result: yes
configure:12801: checking for strerror
configure:12801: gcc -o conftest -g -O2   conftest.c -lcrypt -lnsl  >&5
configure:12801: $? = 0
configure:12801: result: yes
configure:12801: checking for strcasecmp
configure:12801: gcc -o conftest -g -O2   conftest.c -lcrypt -lnsl  >&5
conftest.c:80: warning: conflicting types for built-in function 'strcasecmp'
configure:12801: $? = 0
configure:12801: result: yes
configure:12822: checking for flock
configure:12822: gcc -o conftest -g -O2   conftest.c -lcrypt -lnsl  >&5
configure:12822: $? = 0
configure:12822: result: yes
configure:12822: checking for fcntl
configure:12822: gcc -o conftest -g -O2   conftest.c -lcrypt -lnsl  >&5
configure:12822: $? = 0
configure:12822: result: yes
configure:12822: checking for uname
configure:12822: gcc -o conftest -g -O2   conftest.c -lcrypt -lnsl  >&5
configure:12822: $? = 0
configure:12822: result: yes
configure:12822: checking for gethostname
configure:12822: gcc -o conftest -g -O2   conftest.c -lcrypt -lnsl  >&5
configure:12822: $? = 0
configure:12822: result: yes
configure:12822: checking for sysinfo
configure:12822: gcc -o conftest -g -O2   conftest.c -lcrypt -lnsl  >&5
configure:12822: $? = 0
configure:12822: result: yes
configure:12822: checking for getdomainname
configure:12822: gcc -o conftest -g -O2   conftest.c -lcrypt -lnsl  >&5
configure:12822: $? = 0
configure:12822: result: yes
configure:12835: checking for stricmp
configure:12835: gcc -o conftest -g -O2   conftest.c -lcrypt -lnsl  >&5
/tmp/ccYAuh6J.o: In function `main':
/usr/local/src/freeradius-client-1.1.6/conftest.c:98: undefined reference to `stricmp'
collect2: ld returned 1 exit status
configure:12835: $? = 1
configure: failed program was:
| /* confdefs.h */
| #define PACKAGE_NAME ""
| #define PACKAGE_TARNAME ""
| #define PACKAGE_VERSION ""
| #define PACKAGE_STRING ""
| #define PACKAGE_BUGREPORT ""
| #define PACKAGE_URL ""
| #define PACKAGE "radiusclient"
| #define VERSION "1.1.6"
| #define STDC_HEADERS 1
| #define HAVE_SYS_TYPES_H 1
| #define HAVE_SYS_STAT_H 1
| #define HAVE_STDLIB_H 1
| #define HAVE_STRING_H 1
| #define HAVE_MEMORY_H 1
| #define HAVE_STRINGS_H 1
| #define HAVE_INTTYPES_H 1
| #define HAVE_STDINT_H 1
| #define HAVE_UNISTD_H 1
| #define HAVE_DLFCN_H 1
| #define LT_OBJDIR ".libs/"
| #define HAVE_LIBNSL 1
| #define GETHOSTBYADDR_R 1
| #define GETHOSTBYADDRRSTYLE_GNU /**/
| #define GETHOSTBYNAME_R /**/
| #define GETHOSTBYNAMERSTYLE_GNU /**/
| #define HAVE_LIBCRYPT 1
| #define LITTLE_ENDIAN 1
| #define HAVE_DIRENT_H 1
| #define STDC_HEADERS 1
| #define HAVE_CRYPT_H 1
| #define HAVE_SIGNAL_H 1
| #define HAVE_SYS_SIGNAL_H 1
| #define HAVE_SYS_STAT_H 1
| #define HAVE_FCNTL_H 1
| #define HAVE_SYS_FCNTL_H 1
| #define HAVE_SYS_UTSNAME_H 1
| #define HAVE_GETOPT_H 1
| #define HAVE_UNISTD_H 1
| #define HAVE_SYS_FILE_H 1
| #define HAVE_TERMIOS_H 1
| #define HAVE_SYS_IOCTL_H 1
| #define HAVE_NETDB_H 1
| #define HAVE_SYSLOG_H 1
| #define HAVE_PWD_H 1
| #define HAVE_SYS_SOCKET_H 1
| #define HAVE_NETINET_IN_H 1
| #define HAVE_ARPA_INET_H 1
| #define TIME_WITH_SYS_TIME 1
| #define RETSIGTYPE void
| #define HAVE_STRFTIME 1
| #define HAVE_ALLOCA_H 1
| #define HAVE_ALLOCA 1
| #define HAVE_STRDUP 1
| #define HAVE_STRERROR 1
| #define HAVE_STRCASECMP 1
| #define HAVE_FLOCK 1
| #define HAVE_FCNTL 1
| #define HAVE_UNAME 1
| #define HAVE_GETHOSTNAME 1
| #define HAVE_SYSINFO 1
| #define HAVE_GETDOMAINNAME 1
| /* end confdefs.h.  */
| /* Define stricmp to an innocuous variant, in case <limits.h> declares stricmp.
|    For example, HP-UX 11i <limits.h> declares gettimeofday.  */
| #define stricmp innocuous_stricmp
| 
| /* System header to define __stub macros and hopefully few prototypes,
|     which can conflict with char stricmp (); below.
|     Prefer <limits.h> to <assert.h> if __STDC__ is defined, since
|     <limits.h> exists even on freestanding compilers.  */
| 
| #ifdef __STDC__
| # include <limits.h>
| #else
| # include <assert.h>
| #endif
| 
| #undef stricmp
| 
| /* Override any GCC internal prototype to avoid an error.
|    Use char because int might match the return type of a GCC
|    builtin and then its argument prototype would still apply.  */
| #ifdef __cplusplus
| extern "C"
| #endif
| char stricmp ();
| /* The GNU C library defines this for functions which it implements
|     to always fail with ENOSYS.  Some functions are actually named
|     something starting with __ and the normal name is an alias.  */
| #if defined __stub_stricmp || defined __stub___stricmp
| choke me
| #endif
| 
| int
| main ()
| {
| return stricmp ();
|   ;
|   return 0;
| }
configure:12835: result: no
configure:12835: checking for random
configure:12835: gcc -o conftest -g -O2   conftest.c -lcrypt -lnsl  >&5
configure:12835: $? = 0
configure:12835: result: yes
configure:12835: checking for rand
configure:12835: gcc -o conftest -g -O2   conftest.c -lcrypt -lnsl  >&5
configure:12835: $? = 0
configure:12835: result: yes
configure:12835: checking for snprintf
configure:12835: gcc -o conftest -g -O2   conftest.c -lcrypt -lnsl  >&5
conftest.c:89: warning: conflicting types for built-in function 'snprintf'
configure:12835: $? = 0
configure:12835: result: yes
configure:12835: checking for vsnprintf
configure:12835: gcc -o conftest -g -O2   conftest.c -lcrypt -lnsl  >&5
conftest.c:90: warning: conflicting types for built-in function 'vsnprintf'
configure:12835: $? = 0
configure:12835: result: yes
configure:12848: checking for field domainname in struct utsname
configure:12868: gcc -o conftest -g -O2   conftest.c -lcrypt -lnsl  >&5
conftest.c: In function 'main':
conftest.c:74: error: 'struct utsname' has no member named 'domainname'
configure:12868: $? = 1
configure: program exited with status 1
configure: failed program was:
| /* confdefs.h */
| #define PACKAGE_NAME ""
| #define PACKAGE_TARNAME ""
| #define PACKAGE_VERSION ""
| #define PACKAGE_STRING ""
| #define PACKAGE_BUGREPORT ""
| #define PACKAGE_URL ""
| #define PACKAGE "radiusclient"
| #define VERSION "1.1.6"
| #define STDC_HEADERS 1
| #define HAVE_SYS_TYPES_H 1
| #define HAVE_SYS_STAT_H 1
| #define HAVE_STDLIB_H 1
| #define HAVE_STRING_H 1
| #define HAVE_MEMORY_H 1
| #define HAVE_STRINGS_H 1
| #define HAVE_INTTYPES_H 1
| #define HAVE_STDINT_H 1
| #define HAVE_UNISTD_H 1
| #define HAVE_DLFCN_H 1
| #define LT_OBJDIR ".libs/"
| #define HAVE_LIBNSL 1
| #define GETHOSTBYADDR_R 1
| #define GETHOSTBYADDRRSTYLE_GNU /**/
| #define GETHOSTBYNAME_R /**/
| #define GETHOSTBYNAMERSTYLE_GNU /**/
| #define HAVE_LIBCRYPT 1
| #define LITTLE_ENDIAN 1
| #define HAVE_DIRENT_H 1
| #define STDC_HEADERS 1
| #define HAVE_CRYPT_H 1
| #define HAVE_SIGNAL_H 1
| #define HAVE_SYS_SIGNAL_H 1
| #define HAVE_SYS_STAT_H 1
| #define HAVE_FCNTL_H 1
| #define HAVE_SYS_FCNTL_H 1
| #define HAVE_SYS_UTSNAME_H 1
| #define HAVE_GETOPT_H 1
| #define HAVE_UNISTD_H 1
| #define HAVE_SYS_FILE_H 1
| #define HAVE_TERMIOS_H 1
| #define HAVE_SYS_IOCTL_H 1
| #define HAVE_NETDB_H 1
| #define HAVE_SYSLOG_H 1
| #define HAVE_PWD_H 1
| #define HAVE_SYS_SOCKET_H 1
| #define HAVE_NETINET_IN_H 1
| #define HAVE_ARPA_INET_H 1
| #define TIME_WITH_SYS_TIME 1
| #define RETSIGTYPE void
| #define HAVE_STRFTIME 1
| #define HAVE_ALLOCA_H 1
| #define HAVE_ALLOCA 1
| #define HAVE_STRDUP 1
| #define HAVE_STRERROR 1
| #define HAVE_STRCASECMP 1
| #define HAVE_FLOCK 1
| #define HAVE_FCNTL 1
| #define HAVE_UNAME 1
| #define HAVE_GETHOSTNAME 1
| #define HAVE_SYSINFO 1
| #define HAVE_GETDOMAINNAME 1
| #define HAVE_RANDOM 1
| #define HAVE_RAND 1
| #define HAVE_SNPRINTF 1
| #define HAVE_VSNPRINTF 1
| /* end confdefs.h.  */
| 
| 	#include <sys/utsname.h>
| 
| 	main(int argc, char **argv)
| 	{
| 		struct utsname uts;
| 		uts.domainname[0] = '\0';
| 	}
| 
configure:12874: result: no
configure:12884: checking for /dev/urandom
configure:12888: result: yes
configure:12908: result: /bin:/usr/bin:/usr/local/bin
configure:12916: checking which syslog facility to use
configure:12928: result: LOG_DAEMON
configure:12936: checking whether to include Livingston's RADIUS server 1.16 kludge
configure:12958: result: no
configure:12965: checking whether to add service type hints derived from username prefix
configure:12977: result: no
configure:13131: creating ./config.status

## ---------------------- ##
## Running config.status. ##
## ---------------------- ##

This file was extended by config.status, which was
generated by GNU Autoconf 2.65.  Invocation command line was

  CONFIG_FILES    = 
  CONFIG_HEADERS  = 
  CONFIG_LINKS    = 
  CONFIG_COMMANDS = 
  $ ./config.status 

on neo

config.status:1133: creating Makefile
config.status:1133: creating include/Makefile
config.status:1133: creating lib/Makefile
config.status:1133: creating src/Makefile
config.status:1133: creating man/Makefile
config.status:1133: creating etc/Makefile
config.status:1133: creating doc/Makefile
config.status:1133: creating patches/Makefile
config.status:1133: creating login.radius/Makefile
config.status:1133: creating login.radius/migs/Makefile
config.status:1133: creating rpm/Makefile
config.status:1133: creating debian/Makefile
config.status:1133: creating config.h
config.status:1353: executing depfiles commands
config.status:1353: executing libtool commands
config.status:1353: executing default commands

## ---------------- ##
## Cache variables. ##
## ---------------- ##

ac_cv_build=i686-pc-linux-gnu
ac_cv_c_bigendian=no
ac_cv_c_compiler_gnu=yes
ac_cv_c_const=yes
ac_cv_env_CC_set=
ac_cv_env_CC_value=
ac_cv_env_CFLAGS_set=
ac_cv_env_CFLAGS_value=
ac_cv_env_CPPFLAGS_set=
ac_cv_env_CPPFLAGS_value=
ac_cv_env_CPP_set=
ac_cv_env_CPP_value=
ac_cv_env_LDFLAGS_set=
ac_cv_env_LDFLAGS_value=
ac_cv_env_LIBS_set=
ac_cv_env_LIBS_value=
ac_cv_env_build_alias_set=
ac_cv_env_build_alias_value=
ac_cv_env_host_alias_set=
ac_cv_env_host_alias_value=
ac_cv_env_target_alias_set=
ac_cv_env_target_alias_value=
ac_cv_func_alloca_works=yes
ac_cv_func_fcntl=yes
ac_cv_func_flock=yes
ac_cv_func_getdomainname=yes
ac_cv_func_gethostname=yes
ac_cv_func_memcmp_working=yes
ac_cv_func_rand=yes
ac_cv_func_random=yes
ac_cv_func_setvbuf_reversed=no
ac_cv_func_snprintf=yes
ac_cv_func_strcasecmp=yes
ac_cv_func_strdup=yes
ac_cv_func_strerror=yes
ac_cv_func_strftime=yes
ac_cv_func_stricmp=no
ac_cv_func_sysinfo=yes
ac_cv_func_uname=yes
ac_cv_func_vsnprintf=yes
ac_cv_header_arpa_inet_h=yes
ac_cv_header_crypt_h=yes
ac_cv_header_dirent_dirent_h=yes
ac_cv_header_dlfcn_h=yes
ac_cv_header_fcntl_h=yes
ac_cv_header_getopt_h=yes
ac_cv_header_inttypes_h=yes
ac_cv_header_memory_h=yes
ac_cv_header_netdb_h=yes
ac_cv_header_netinet_in_h=yes
ac_cv_header_pwd_h=yes
ac_cv_header_signal_h=yes
ac_cv_header_stdc=yes
ac_cv_header_stdint_h=yes
ac_cv_header_stdlib_h=yes
ac_cv_header_string_h=yes
ac_cv_header_strings_h=yes
ac_cv_header_sys_fcntl_h=yes
ac_cv_header_sys_file_h=yes
ac_cv_header_sys_ioctl_h=yes
ac_cv_header_sys_signal_h=yes
ac_cv_header_sys_socket_h=yes
ac_cv_header_sys_stat_h=yes
ac_cv_header_sys_types_h=yes
ac_cv_header_sys_utsname_h=yes
ac_cv_header_syslog_h=yes
ac_cv_header_termios_h=yes
ac_cv_header_time=yes
ac_cv_header_unistd_h=yes
ac_cv_host=i686-pc-linux-gnu
ac_cv_lib_crypt_crypt=yes
ac_cv_lib_nsl_gethostbyaddr=yes
ac_cv_lib_socket_socket=no
ac_cv_objext=o
ac_cv_path_AR=/usr/bin/ar
ac_cv_path_EGREP='/bin/grep -E'
ac_cv_path_FGREP='/bin/grep -F'
ac_cv_path_GREP=/bin/grep
ac_cv_path_SED=/bin/sed
ac_cv_path_install='/usr/bin/install -c'
ac_cv_path_mkdir=/bin/mkdir
ac_cv_prog_AWK=gawk
ac_cv_prog_CPP='gcc -E'
ac_cv_prog_ac_ct_AR=ar
ac_cv_prog_ac_ct_CC=gcc
ac_cv_prog_ac_ct_OBJDUMP=objdump
ac_cv_prog_ac_ct_RANLIB=ranlib
ac_cv_prog_ac_ct_STRIP=strip
ac_cv_prog_cc_c89=
ac_cv_prog_cc_g=yes
ac_cv_prog_gcc_traditional=no
ac_cv_prog_make_make_set=yes
ac_cv_search_opendir='none required'
ac_cv_struct_tm=time.h
ac_cv_target=i686-pc-linux-gnu
ac_cv_type_off_t=yes
ac_cv_type_signal=void
ac_cv_type_size_t=yes
ac_cv_working_alloca_h=yes
am_cv_CC_dependencies_compiler_type=gcc3
lt_cv_deplibs_check_method=pass_all
lt_cv_file_magic_cmd='$MAGIC_CMD'
lt_cv_file_magic_test_file=
lt_cv_ld_reload_flag=-r
lt_cv_nm_interface='BSD nm'
lt_cv_objdir=.libs
lt_cv_path_LD=/usr/bin/ld
lt_cv_path_NM='/usr/bin/nm -B'
lt_cv_prog_compiler_c_o=yes
lt_cv_prog_compiler_pic_works=yes
lt_cv_prog_compiler_rtti_exceptions=no
lt_cv_prog_compiler_static_works=yes
lt_cv_prog_gnu_ld=yes
lt_cv_sys_global_symbol_pipe='sed -n -e '\''s/^.*[	 ]\([ABCDGIRSTW][ABCDGIRSTW]*\)[	 ][	 ]*\([_A-Za-z][_A-Za-z0-9]*\)$/\1 \2 \2/p'\'''
lt_cv_sys_global_symbol_to_c_name_address='sed -n -e '\''s/^: \([^ ]*\) $/  {\"\1\", (void *) 0},/p'\'' -e '\''s/^[ABCDGIRSTW]* \([^ ]*\) \([^ ]*\)$/  {"\2", (void *) \&\2},/p'\'''
lt_cv_sys_global_symbol_to_c_name_address_lib_prefix='sed -n -e '\''s/^: \([^ ]*\) $/  {\"\1\", (void *) 0},/p'\'' -e '\''s/^[ABCDGIRSTW]* \([^ ]*\) \(lib[^ ]*\)$/  {"\2", (void *) \&\2},/p'\'' -e '\''s/^[ABCDGIRSTW]* \([^ ]*\) \([^ ]*\)$/  {"lib\2", (void *) \&\2},/p'\'''
lt_cv_sys_global_symbol_to_cdecl='sed -n -e '\''s/^T .* \(.*\)$/extern int \1();/p'\'' -e '\''s/^[ABCDGIRSTW]* .* \(.*\)$/extern char \1;/p'\'''
lt_cv_sys_max_cmd_len=1572864

## ----------------- ##
## Output variables. ##
## ----------------- ##

ACLOCAL='${SHELL} /usr/local/src/freeradius-client-1.1.6/missing --run aclocal-1.11'
ALLOCA=''
AMDEPBACKSLASH='\'
AMDEP_FALSE='#'
AMDEP_TRUE=''
AMTAR='${SHELL} /usr/local/src/freeradius-client-1.1.6/missing --run tar'
AR='/usr/bin/ar'
AUTOCONF='${SHELL} /usr/local/src/freeradius-client-1.1.6/missing --run autoconf'
AUTOHEADER='${SHELL} /usr/local/src/freeradius-client-1.1.6/missing --run autoheader'
AUTOMAKE='${SHELL} /usr/local/src/freeradius-client-1.1.6/missing --run automake-1.11'
AWK='gawk'
CC='gcc'
CCDEPMODE='depmode=gcc3'
CFLAGS='-g -O2'
CPP='gcc -E'
CPPFLAGS=''
CYGPATH_W='echo'
DEFS='-DHAVE_CONFIG_H'
DEPDIR='.deps'
DSYMUTIL=''
DUMPBIN=''
ECHO_C=''
ECHO_N='-n'
ECHO_T=''
EGREP='/bin/grep -E'
EXEEXT=''
FGREP='/bin/grep -F'
GREP='/bin/grep'
INSTALL_DATA='${INSTALL} -m 644'
INSTALL_PROGRAM='${INSTALL}'
INSTALL_SCRIPT='${INSTALL}'
INSTALL_STRIP_PROGRAM='$(install_sh) -c -s'
LD='/usr/bin/ld'
LDFLAGS=''
LIBOBJS=''
LIBS='-lcrypt -lnsl '
LIBTOOL='$(SHELL) $(top_builddir)/libtool'
LIBVERSION='2:0:0'
LIPO=''
LN_S='ln -s'
LTLIBOBJS=''
MAINT='#'
MAINTAINER_MODE_FALSE=''
MAINTAINER_MODE_TRUE='#'
MAKEINFO='${SHELL} /usr/local/src/freeradius-client-1.1.6/missing --run makeinfo'
MKDIR_P='/bin/mkdir -p'
NM='/usr/bin/nm -B'
NMEDIT=''
OBJDUMP='objdump'
OBJEXT='o'
OTOOL64=''
OTOOL=''
PACKAGE='radiusclient'
PACKAGE_BUGREPORT=''
PACKAGE_NAME=''
PACKAGE_STRING=''
PACKAGE_TARNAME=''
PACKAGE_URL=''
PACKAGE_VERSION=''
PATH_SEPARATOR=':'
RANLIB='ranlib'
RC_LOG_FACILITY='LOG_DAEMON'
RC_SECURE_PATH='/bin:/usr/bin:/usr/local/bin'
SED='/bin/sed'
SET_MAKE=''
SHELL='/bin/bash'
STRIP='strip'
VERSION='1.1.6'
ac_ct_CC='gcc'
ac_ct_DUMPBIN=''
am__EXEEXT_FALSE=''
am__EXEEXT_TRUE='#'
am__fastdepCC_FALSE='#'
am__fastdepCC_TRUE=''
am__include='include'
am__isrc=''
am__leading_dot='.'
am__quote=''
am__tar='${AMTAR} chof - "$$tardir"'
am__untar='${AMTAR} xf -'
bindir='${exec_prefix}/bin'
build='i686-pc-linux-gnu'
build_alias=''
build_cpu='i686'
build_os='linux-gnu'
build_vendor='pc'
datadir='${datarootdir}'
datarootdir='${prefix}/share'
docdir='${datarootdir}/doc/${PACKAGE}'
dvidir='${docdir}'
exec_prefix='${prefix}'
host='i686-pc-linux-gnu'
host_alias=''
host_cpu='i686'
host_os='linux-gnu'
host_vendor='pc'
htmldir='${docdir}'
includedir='${prefix}/include'
infodir='${datarootdir}/info'
install_sh='${SHELL} /usr/local/src/freeradius-client-1.1.6/install-sh'
libdir='${exec_prefix}/lib'
libexecdir='${exec_prefix}/libexec'
localedir='${datarootdir}/locale'
localstatedir='${prefix}/var'
lt_ECHO='echo'
mandir='${datarootdir}/man'
mkdir_p='/bin/mkdir -p'
oldincludedir='/usr/include'
pdfdir='${docdir}'
pkgsysconfdir='${prefix}/etc/radiusclient'
prefix='/usr/local'
program_transform_name='s,x,x,'
psdir='${docdir}'
sbindir='${exec_prefix}/sbin'
sharedstatedir='${prefix}/com'
sysconfdir='${prefix}/etc'
target='i686-pc-linux-gnu'
target_alias=''
target_cpu='i686'
target_os='linux-gnu'
target_vendor='pc'

## ----------- ##
## confdefs.h. ##
## ----------- ##

/* confdefs.h */
#define PACKAGE_NAME ""
#define PACKAGE_TARNAME ""
#define PACKAGE_VERSION ""
#define PACKAGE_STRING ""
#define PACKAGE_BUGREPORT ""
#define PACKAGE_URL ""
#define PACKAGE "radiusclient"
#define VERSION "1.1.6"
#define STDC_HEADERS 1
#define HAVE_SYS_TYPES_H 1
#define HAVE_SYS_STAT_H 1
#define HAVE_STDLIB_H 1
#define HAVE_STRING_H 1
#define HAVE_MEMORY_H 1
#define HAVE_STRINGS_H 1
#define HAVE_INTTYPES_H 1
#define HAVE_STDINT_H 1
#define HAVE_UNISTD_H 1
#define HAVE_DLFCN_H 1
#define LT_OBJDIR ".libs/"
#define HAVE_LIBNSL 1
#define GETHOSTBYADDR_R 1
#define GETHOSTBYADDRRSTYLE_GNU /**/
#define GETHOSTBYNAME_R /**/
#define GETHOSTBYNAMERSTYLE_GNU /**/
#define HAVE_LIBCRYPT 1
#define LITTLE_ENDIAN 1
#define HAVE_DIRENT_H 1
#define STDC_HEADERS 1
#define HAVE_CRYPT_H 1
#define HAVE_SIGNAL_H 1
#define HAVE_SYS_SIGNAL_H 1
#define HAVE_SYS_STAT_H 1
#define HAVE_FCNTL_H 1
#define HAVE_SYS_FCNTL_H 1
#define HAVE_SYS_UTSNAME_H 1
#define HAVE_GETOPT_H 1
#define HAVE_UNISTD_H 1
#define HAVE_SYS_FILE_H 1
#define HAVE_TERMIOS_H 1
#define HAVE_SYS_IOCTL_H 1
#define HAVE_NETDB_H 1
#define HAVE_SYSLOG_H 1
#define HAVE_PWD_H 1
#define HAVE_SYS_SOCKET_H 1
#define HAVE_NETINET_IN_H 1
#define HAVE_ARPA_INET_H 1
#define TIME_WITH_SYS_TIME 1
#define RETSIGTYPE void
#define HAVE_STRFTIME 1
#define HAVE_ALLOCA_H 1
#define HAVE_ALLOCA 1
#define HAVE_STRDUP 1
#define HAVE_STRERROR 1
#define HAVE_STRCASECMP 1
#define HAVE_FLOCK 1
#define HAVE_FCNTL 1
#define HAVE_UNAME 1
#define HAVE_GETHOSTNAME 1
#define HAVE_SYSINFO 1
#define HAVE_GETDOMAINNAME 1
#define HAVE_RANDOM 1
#define HAVE_RAND 1
#define HAVE_SNPRINTF 1
#define HAVE_VSNPRINTF 1
#define HAVE_DEV_URANDOM 1

configure: exit 0
